{"/home/antoiner/Documents/code/anki-agent/apps/languee-back/src/app.controller.ts": {"path":"/home/antoiner/Documents/code/anki-agent/apps/languee-back/src/app.controller.ts","statementMap":{"0":{"start":{"line":1,"column":0},"end":{"line":1,"column":49}},"1":{"start":{"line":2,"column":0},"end":{"line":2,"column":43}},"2":{"start":{"line":5,"column":7},"end":{"line":12,"column":null}},"3":{"start":{"line":6,"column":31},"end":{"line":6,"column":43}},"4":{"start":{"line":10,"column":4},"end":{"line":10,"column":38}},"5":{"start":{"line":5,"column":13},"end":{"line":5,"column":26}},"6":{"start":{"line":9,"column":2},"end":{"line":11,"column":null}},"7":{"start":{"line":5,"column":13},"end":{"line":12,"column":null}}},"fnMap":{"0":{"name":"(anonymous_2)","decl":{"start":{"line":6,"column":2},"end":{"line":6,"column":31}},"loc":{"start":{"line":6,"column":53},"end":{"line":6,"column":57}}},"1":{"name":"(anonymous_3)","decl":{"start":{"line":9,"column":2},"end":{"line":9,"column":10}},"loc":{"start":{"line":9,"column":10},"end":{"line":11,"column":3}}}},"branchMap":{"0":{"loc":{"start":{"line":6,"column":43},"end":{"line":6,"column":56}},"type":"cond-expr","locations":[{"start":{"line":6,"column":53},"end":{"line":6,"column":56}},{"start":{"line":6,"column":53},"end":{"line":6,"column":56}}]},"1":{"loc":{"start":{"line":6,"column":43},"end":{"line":6,"column":53}},"type":"binary-expr","locations":[{"start":{"line":6,"column":43},"end":{"line":6,"column":56}},{"start":{"line":6,"column":43},"end":{"line":6,"column":53}}]}},"s":{"0":0,"1":0,"2":0,"3":0,"4":0,"5":0,"6":0,"7":0},"f":{"0":0,"1":0},"b":{"0":[0,0],"1":[0,0]}}
,"/home/antoiner/Documents/code/anki-agent/apps/languee-back/src/app.module.ts": {"path":"/home/antoiner/Documents/code/anki-agent/apps/languee-back/src/app.module.ts","statementMap":{"0":{"start":{"line":1,"column":0},"end":{"line":1,"column":40}},"1":{"start":{"line":2,"column":0},"end":{"line":2,"column":41}},"2":{"start":{"line":3,"column":0},"end":{"line":3,"column":68}},"3":{"start":{"line":4,"column":0},"end":{"line":4,"column":49}},"4":{"start":{"line":5,"column":0},"end":{"line":5,"column":43}},"5":{"start":{"line":6,"column":0},"end":{"line":6,"column":67}},"6":{"start":{"line":7,"column":0},"end":{"line":7,"column":64}},"7":{"start":{"line":8,"column":0},"end":{"line":8,"column":56}},"8":{"start":{"line":9,"column":0},"end":{"line":9,"column":68}},"9":{"start":{"line":28,"column":7},"end":{"line":28,"column":null}},"10":{"start":{"line":28,"column":13},"end":{"line":28,"column":22}},"11":{"start":{"line":28,"column":13},"end":{"line":28,"column":null}}},"fnMap":{},"branchMap":{},"s":{"0":0,"1":0,"2":0,"3":0,"4":0,"5":0,"6":0,"7":0,"8":0,"9":0,"10":0,"11":0},"f":{},"b":{}}
,"/home/antoiner/Documents/code/anki-agent/apps/languee-back/src/app.service.ts": {"path":"/home/antoiner/Documents/code/anki-agent/apps/languee-back/src/app.service.ts","statementMap":{"0":{"start":{"line":1,"column":0},"end":{"line":1,"column":44}},"1":{"start":{"line":4,"column":7},"end":{"line":8,"column":null}},"2":{"start":{"line":6,"column":4},"end":{"line":6,"column":26}},"3":{"start":{"line":4,"column":13},"end":{"line":4,"column":23}},"4":{"start":{"line":4,"column":13},"end":{"line":8,"column":null}}},"fnMap":{"0":{"name":"(anonymous_1)","decl":{"start":{"line":5,"column":2},"end":{"line":5,"column":10}},"loc":{"start":{"line":5,"column":10},"end":{"line":7,"column":3}}}},"branchMap":{},"s":{"0":0,"1":0,"2":0,"3":0,"4":0},"f":{"0":0},"b":{}}
,"/home/antoiner/Documents/code/anki-agent/apps/languee-back/src/main.ts": {"path":"/home/antoiner/Documents/code/anki-agent/apps/languee-back/src/main.ts","statementMap":{"0":{"start":{"line":1,"column":0},"end":{"line":1,"column":43}},"1":{"start":{"line":2,"column":0},"end":{"line":2,"column":48}},"2":{"start":{"line":3,"column":0},"end":{"line":3,"column":41}},"3":{"start":{"line":4,"column":0},"end":{"line":4,"column":41}},"4":{"start":{"line":7,"column":14},"end":{"line":7,"column":49}},"5":{"start":{"line":8,"column":2},"end":{"line":8,"column":26}},"6":{"start":{"line":9,"column":2},"end":{"line":11,"column":4}},"7":{"start":{"line":12,"column":2},"end":{"line":12,"column":45}},"8":{"start":{"line":14,"column":0},"end":{"line":14,"column":17}}},"fnMap":{"0":{"name":"bootstrap","decl":{"start":{"line":6,"column":15},"end":{"line":6,"column":24}},"loc":{"start":{"line":6,"column":24},"end":{"line":13,"column":1}}}},"branchMap":{"0":{"loc":{"start":{"line":12,"column":19},"end":{"line":12,"column":43}},"type":"binary-expr","locations":[{"start":{"line":12,"column":19},"end":{"line":12,"column":35}},{"start":{"line":12,"column":39},"end":{"line":12,"column":43}}]}},"s":{"0":0,"1":0,"2":0,"3":0,"4":0,"5":0,"6":0,"7":0,"8":0},"f":{"0":0},"b":{"0":[0,0]}}
,"/home/antoiner/Documents/code/anki-agent/apps/languee-back/src/modules/auth/auth.controller.ts": {"path":"/home/antoiner/Documents/code/anki-agent/apps/languee-back/src/modules/auth/auth.controller.ts","statementMap":{"0":{"start":{"line":1,"column":0},"end":{"line":1,"column":null}},"1":{"start":{"line":11,"column":0},"end":{"line":11,"column":45}},"2":{"start":{"line":13,"column":0},"end":{"line":13,"column":45}},"3":{"start":{"line":14,"column":0},"end":{"line":14,"column":66}},"4":{"start":{"line":15,"column":0},"end":{"line":15,"column":43}},"5":{"start":{"line":16,"column":0},"end":{"line":16,"column":55}},"6":{"start":{"line":18,"column":30},"end":{"line":18,"column":54}},"7":{"start":{"line":23,"column":7},"end":{"line":114,"column":null}},"8":{"start":{"line":24,"column":31},"end":{"line":24,"column":44}},"9":{"start":{"line":33,"column":22},"end":{"line":33,"column":60}},"10":{"start":{"line":34,"column":15},"end":{"line":34,"column":34}},"11":{"start":{"line":37,"column":6},"end":{"line":37,"column":54}},"12":{"start":{"line":39,"column":26},"end":{"line":44,"column":6}},"13":{"start":{"line":46,"column":4},"end":{"line":46,"column":66}},"14":{"start":{"line":47,"column":4},"end":{"line":47,"column":55}},"15":{"start":{"line":49,"column":4},"end":{"line":49,"column":27}},"16":{"start":{"line":58,"column":20},"end":{"line":58,"column":57}},"17":{"start":{"line":59,"column":25},"end":{"line":59,"column":49}},"18":{"start":{"line":60,"column":22},"end":{"line":60,"column":43}},"19":{"start":{"line":62,"column":4},"end":{"line":64,"column":5}},"20":{"start":{"line":63,"column":6},"end":{"line":63,"column":77}},"21":{"start":{"line":66,"column":47},"end":{"line":68,"column":null}},"22":{"start":{"line":71,"column":4},"end":{"line":76,"column":7}},"23":{"start":{"line":78,"column":4},"end":{"line":78,"column":27}},"24":{"start":{"line":87,"column":4},"end":{"line":87,"column":50}},"25":{"start":{"line":89,"column":4},"end":{"line":89,"column":37}},"26":{"start":{"line":90,"column":4},"end":{"line":90,"column":34}},"27":{"start":{"line":92,"column":4},"end":{"line":92,"column":37}},"28":{"start":{"line":101,"column":4},"end":{"line":101,"column":50}},"29":{"start":{"line":103,"column":4},"end":{"line":103,"column":37}},"30":{"start":{"line":104,"column":4},"end":{"line":104,"column":34}},"31":{"start":{"line":106,"column":4},"end":{"line":106,"column":47}},"32":{"start":{"line":112,"column":4},"end":{"line":112,"column":53}},"33":{"start":{"line":23,"column":13},"end":{"line":23,"column":27}},"34":{"start":{"line":28,"column":8},"end":{"line":50,"column":null}},"35":{"start":{"line":54,"column":8},"end":{"line":79,"column":null}},"36":{"start":{"line":83,"column":8},"end":{"line":93,"column":null}},"37":{"start":{"line":97,"column":8},"end":{"line":107,"column":null}},"38":{"start":{"line":111,"column":8},"end":{"line":113,"column":null}},"39":{"start":{"line":23,"column":13},"end":{"line":114,"column":null}}},"fnMap":{"0":{"name":"(anonymous_4)","decl":{"start":{"line":24,"column":2},"end":{"line":24,"column":31}},"loc":{"start":{"line":24,"column":55},"end":{"line":24,"column":59}}},"1":{"name":"(anonymous_5)","decl":{"start":{"line":28,"column":8},"end":{"line":28,"column":13}},"loc":{"start":{"line":31,"column":45},"end":{"line":50,"column":3}}},"2":{"name":"(anonymous_6)","decl":{"start":{"line":54,"column":8},"end":{"line":54,"column":15}},"loc":{"start":{"line":56,"column":45},"end":{"line":79,"column":3}}},"3":{"name":"(anonymous_7)","decl":{"start":{"line":83,"column":8},"end":{"line":83,"column":14}},"loc":{"start":{"line":85,"column":45},"end":{"line":93,"column":3}}},"4":{"name":"(anonymous_8)","decl":{"start":{"line":97,"column":8},"end":{"line":97,"column":17}},"loc":{"start":{"line":99,"column":45},"end":{"line":107,"column":3}}},"5":{"name":"(anonymous_9)","decl":{"start":{"line":111,"column":8},"end":{"line":111,"column":19}},"loc":{"start":{"line":111,"column":49},"end":{"line":113,"column":3}}}},"branchMap":{"0":{"loc":{"start":{"line":33,"column":22},"end":{"line":33,"column":60}},"type":"binary-expr","locations":[{"start":{"line":33,"column":22},"end":{"line":33,"column":47}},{"start":{"line":33,"column":51},"end":{"line":33,"column":60}}]},"1":{"loc":{"start":{"line":34,"column":15},"end":{"line":34,"column":34}},"type":"binary-expr","locations":[{"start":{"line":34,"column":15},"end":{"line":34,"column":21}},{"start":{"line":34,"column":25},"end":{"line":34,"column":34}}]},"2":{"loc":{"start":{"line":62,"column":4},"end":{"line":64,"column":5}},"type":"if","locations":[{"start":{"line":62,"column":4},"end":{"line":64,"column":5}},{"start":{},"end":{}}]},"3":{"loc":{"start":{"line":62,"column":8},"end":{"line":62,"column":35}},"type":"binary-expr","locations":[{"start":{"line":62,"column":8},"end":{"line":62,"column":21}},{"start":{"line":62,"column":25},"end":{"line":62,"column":35}}]},"4":{"loc":{"start":{"line":29,"column":17},"end":{"line":29,"column":null}},"type":"cond-expr","locations":[{"start":{"line":29,"column":25},"end":{"line":29,"column":null}},{"start":{"line":29,"column":25},"end":{"line":29,"column":null}}]},"5":{"loc":{"start":{"line":29,"column":17},"end":{"line":29,"column":25}},"type":"binary-expr","locations":[{"start":{"line":29,"column":17},"end":{"line":29,"column":null}},{"start":{"line":29,"column":17},"end":{"line":29,"column":25}}]},"6":{"loc":{"start":{"line":32,"column":5},"end":{"line":32,"column":null}},"type":"cond-expr","locations":[{"start":{"line":32,"column":12},"end":{"line":32,"column":null}},{"start":{"line":32,"column":12},"end":{"line":32,"column":null}}]},"7":{"loc":{"start":{"line":32,"column":5},"end":{"line":32,"column":12}},"type":"binary-expr","locations":[{"start":{"line":32,"column":5},"end":{"line":32,"column":null}},{"start":{"line":32,"column":5},"end":{"line":32,"column":12}}]},"8":{"loc":{"start":{"line":57,"column":5},"end":{"line":57,"column":null}},"type":"cond-expr","locations":[{"start":{"line":57,"column":12},"end":{"line":57,"column":null}},{"start":{"line":57,"column":12},"end":{"line":57,"column":null}}]},"9":{"loc":{"start":{"line":57,"column":5},"end":{"line":57,"column":12}},"type":"binary-expr","locations":[{"start":{"line":57,"column":5},"end":{"line":57,"column":null}},{"start":{"line":57,"column":5},"end":{"line":57,"column":12}}]},"10":{"loc":{"start":{"line":86,"column":5},"end":{"line":86,"column":null}},"type":"cond-expr","locations":[{"start":{"line":86,"column":12},"end":{"line":86,"column":null}},{"start":{"line":86,"column":12},"end":{"line":86,"column":null}}]},"11":{"loc":{"start":{"line":86,"column":5},"end":{"line":86,"column":12}},"type":"binary-expr","locations":[{"start":{"line":86,"column":5},"end":{"line":86,"column":null}},{"start":{"line":86,"column":5},"end":{"line":86,"column":12}}]},"12":{"loc":{"start":{"line":100,"column":5},"end":{"line":100,"column":null}},"type":"cond-expr","locations":[{"start":{"line":100,"column":12},"end":{"line":100,"column":null}},{"start":{"line":100,"column":12},"end":{"line":100,"column":null}}]},"13":{"loc":{"start":{"line":100,"column":5},"end":{"line":100,"column":12}},"type":"binary-expr","locations":[{"start":{"line":100,"column":5},"end":{"line":100,"column":null}},{"start":{"line":100,"column":5},"end":{"line":100,"column":12}}]},"14":{"loc":{"start":{"line":111,"column":52},"end":{"line":111,"column":null}},"type":"cond-expr","locations":[{"start":{"line":111,"column":59},"end":{"line":111,"column":null}},{"start":{"line":111,"column":59},"end":{"line":111,"column":null}}]},"15":{"loc":{"start":{"line":111,"column":52},"end":{"line":111,"column":59}},"type":"binary-expr","locations":[{"start":{"line":111,"column":52},"end":{"line":111,"column":null}},{"start":{"line":111,"column":52},"end":{"line":111,"column":59}}]},"16":{"loc":{"start":{"line":24,"column":44},"end":{"line":24,"column":58}},"type":"cond-expr","locations":[{"start":{"line":24,"column":55},"end":{"line":24,"column":58}},{"start":{"line":24,"column":55},"end":{"line":24,"column":58}}]},"17":{"loc":{"start":{"line":24,"column":44},"end":{"line":24,"column":55}},"type":"binary-expr","locations":[{"start":{"line":24,"column":44},"end":{"line":24,"column":58}},{"start":{"line":24,"column":44},"end":{"line":24,"column":55}}]}},"s":{"0":0,"1":0,"2":0,"3":0,"4":0,"5":0,"6":0,"7":0,"8":0,"9":0,"10":0,"11":0,"12":0,"13":0,"14":0,"15":0,"16":0,"17":0,"18":0,"19":0,"20":0,"21":0,"22":0,"23":0,"24":0,"25":0,"26":0,"27":0,"28":0,"29":0,"30":0,"31":0,"32":0,"33":0,"34":0,"35":0,"36":0,"37":0,"38":0,"39":0},"f":{"0":0,"1":0,"2":0,"3":0,"4":0,"5":0},"b":{"0":[0,0],"1":[0,0],"2":[0,0],"3":[0,0],"4":[0,0],"5":[0,0],"6":[0,0],"7":[0,0],"8":[0,0],"9":[0,0],"10":[0,0],"11":[0,0],"12":[0,0],"13":[0,0],"14":[0,0],"15":[0,0],"16":[0,0],"17":[0,0]}}
,"/home/antoiner/Documents/code/anki-agent/apps/languee-back/src/modules/auth/auth.module.ts": {"path":"/home/antoiner/Documents/code/anki-agent/apps/languee-back/src/modules/auth/auth.module.ts","statementMap":{"0":{"start":{"line":1,"column":0},"end":{"line":1,"column":40}},"1":{"start":{"line":2,"column":0},"end":{"line":2,"column":40}},"2":{"start":{"line":3,"column":0},"end":{"line":3,"column":50}},"3":{"start":{"line":4,"column":0},"end":{"line":4,"column":52}},"4":{"start":{"line":5,"column":0},"end":{"line":5,"column":51}},"5":{"start":{"line":6,"column":0},"end":{"line":6,"column":45}},"6":{"start":{"line":7,"column":0},"end":{"line":7,"column":56}},"7":{"start":{"line":21,"column":7},"end":{"line":21,"column":null}},"8":{"start":{"line":21,"column":13},"end":{"line":21,"column":23}},"9":{"start":{"line":21,"column":13},"end":{"line":21,"column":null}}},"fnMap":{},"branchMap":{},"s":{"0":0,"1":0,"2":0,"3":0,"4":0,"5":0,"6":0,"7":0,"8":0,"9":0},"f":{},"b":{}}
,"/home/antoiner/Documents/code/anki-agent/apps/languee-back/src/modules/auth/auth.service.ts": {"path":"/home/antoiner/Documents/code/anki-agent/apps/languee-back/src/modules/auth/auth.service.ts","statementMap":{"0":{"start":{"line":1,"column":0},"end":{"line":1,"column":67}},"1":{"start":{"line":2,"column":0},"end":{"line":2,"column":41}},"2":{"start":{"line":3,"column":0},"end":{"line":3,"column":33}},"3":{"start":{"line":4,"column":0},"end":{"line":4,"column":36}},"4":{"start":{"line":5,"column":0},"end":{"line":5,"column":59}},"5":{"start":{"line":6,"column":0},"end":{"line":6,"column":54}},"6":{"start":{"line":10,"column":28},"end":{"line":10,"column":45}},"7":{"start":{"line":12,"column":2},"end":{"line":12,"column":64}},"8":{"start":{"line":15,"column":7},"end":{"line":216,"column":null}},"9":{"start":{"line":17,"column":21},"end":{"line":17,"column":35}},"10":{"start":{"line":18,"column":21},"end":{"line":18,"column":35}},"11":{"start":{"line":19,"column":21},"end":{"line":19,"column":33}},"12":{"start":{"line":31,"column":17},"end":{"line":31,"column":63}},"13":{"start":{"line":33,"column":4},"end":{"line":37,"column":5}},"14":{"start":{"line":35,"column":6},"end":{"line":35,"column":53}},"15":{"start":{"line":36,"column":6},"end":{"line":36,"column":61}},"16":{"start":{"line":39,"column":26},"end":{"line":39,"column":79}},"17":{"start":{"line":40,"column":4},"end":{"line":42,"column":5}},"18":{"start":{"line":41,"column":6},"end":{"line":41,"column":61}},"19":{"start":{"line":44,"column":22},"end":{"line":44,"column":34}},"20":{"start":{"line":45,"column":30},"end":{"line":45,"column":42}},"21":{"start":{"line":46,"column":31},"end":{"line":46,"column":71}},"22":{"start":{"line":48,"column":16},"end":{"line":48,"column":26}},"23":{"start":{"line":49,"column":22},"end":{"line":49,"column":74}},"24":{"start":{"line":51,"column":37},"end":{"line":60,"column":6}},"25":{"start":{"line":62,"column":4},"end":{"line":66,"column":6}},"26":{"start":{"line":67,"column":4},"end":{"line":67,"column":72}},"27":{"start":{"line":69,"column":24},"end":{"line":72,"column":6}},"28":{"start":{"line":74,"column":4},"end":{"line":74,"column":57}},"29":{"start":{"line":81,"column":16},"end":{"line":81,"column":67}},"30":{"start":{"line":82,"column":4},"end":{"line":84,"column":5}},"31":{"start":{"line":83,"column":6},"end":{"line":83,"column":59}},"32":{"start":{"line":86,"column":33},"end":{"line":86,"column":63}},"33":{"start":{"line":88,"column":4},"end":{"line":93,"column":5}},"34":{"start":{"line":89,"column":6},"end":{"line":89,"column":55}},"35":{"start":{"line":90,"column":6},"end":{"line":92,"column":8}},"36":{"start":{"line":95,"column":23},"end":{"line":97,"column":null}},"37":{"start":{"line":99,"column":4},"end":{"line":101,"column":5}},"38":{"start":{"line":100,"column":6},"end":{"line":100,"column":63}},"39":{"start":{"line":103,"column":16},"end":{"line":103,"column":26}},"40":{"start":{"line":104,"column":22},"end":{"line":104,"column":49}},"41":{"start":{"line":105,"column":4},"end":{"line":107,"column":5}},"42":{"start":{"line":106,"column":6},"end":{"line":106,"column":57}},"43":{"start":{"line":109,"column":25},"end":{"line":110,"column":null}},"44":{"start":{"line":113,"column":30},"end":{"line":113,"column":42}},"45":{"start":{"line":114,"column":31},"end":{"line":114,"column":71}},"46":{"start":{"line":116,"column":40},"end":{"line":119,"column":6}},"47":{"start":{"line":121,"column":4},"end":{"line":125,"column":6}},"48":{"start":{"line":127,"column":24},"end":{"line":130,"column":6}},"49":{"start":{"line":132,"column":4},"end":{"line":132,"column":46}},"50":{"start":{"line":136,"column":16},"end":{"line":136,"column":67}},"51":{"start":{"line":137,"column":4},"end":{"line":139,"column":5}},"52":{"start":{"line":138,"column":6},"end":{"line":138,"column":13}},"53":{"start":{"line":141,"column":33},"end":{"line":141,"column":63}},"54":{"start":{"line":142,"column":16},"end":{"line":142,"column":26}},"55":{"start":{"line":143,"column":22},"end":{"line":143,"column":49}},"56":{"start":{"line":144,"column":25},"end":{"line":146,"column":null}},"57":{"start":{"line":149,"column":40},"end":{"line":149,"column":69}},"58":{"start":{"line":150,"column":4},"end":{"line":154,"column":6}},"59":{"start":{"line":155,"column":4},"end":{"line":155,"column":79}},"60":{"start":{"line":159,"column":4},"end":{"line":159,"column":45}},"61":{"start":{"line":165,"column":23},"end":{"line":166,"column":null}},"62":{"start":{"line":169,"column":21},"end":{"line":178,"column":null}},"63":{"start":{"line":171,"column":20},"end":{"line":171,"column":64}},"64":{"start":{"line":172,"column":8},"end":{"line":172,"column":30}},"65":{"start":{"line":172,"column":18},"end":{"line":172,"column":30}},"66":{"start":{"line":173,"column":37},"end":{"line":173,"column":67}},"67":{"start":{"line":174,"column":8},"end":{"line":174,"column":41}},"68":{"start":{"line":174,"column":29},"end":{"line":174,"column":41}},"69":{"start":{"line":176,"column":48},"end":{"line":176,"column":55}},"70":{"start":{"line":177,"column":8},"end":{"line":177,"column":20}},"71":{"start":{"line":181,"column":4},"end":{"line":183,"column":6}},"72":{"start":{"line":182,"column":59},"end":{"line":182,"column":69}},"73":{"start":{"line":187,"column":23},"end":{"line":188,"column":null}},"74":{"start":{"line":191,"column":4},"end":{"line":212,"column":6}},"75":{"start":{"line":193,"column":20},"end":{"line":193,"column":64}},"76":{"start":{"line":194,"column":8},"end":{"line":194,"column":25}},"77":{"start":{"line":194,"column":18},"end":{"line":194,"column":25}},"78":{"start":{"line":196,"column":37},"end":{"line":196,"column":67}},"79":{"start":{"line":197,"column":20},"end":{"line":197,"column":30}},"80":{"start":{"line":198,"column":26},"end":{"line":198,"column":53}},"81":{"start":{"line":199,"column":29},"end":{"line":201,"column":null}},"82":{"start":{"line":204,"column":44},"end":{"line":204,"column":73}},"83":{"start":{"line":205,"column":8},"end":{"line":209,"column":10}},"84":{"start":{"line":210,"column":8},"end":{"line":210,"column":68}},"85":{"start":{"line":214,"column":4},"end":{"line":214,"column":59}},"86":{"start":{"line":15,"column":13},"end":{"line":15,"column":24}},"87":{"start":{"line":15,"column":13},"end":{"line":216,"column":null}}},"fnMap":{"0":{"name":"(anonymous_11)","decl":{"start":{"line":16,"column":2},"end":{"line":16,"column":null}},"loc":{"start":{"line":19,"column":43},"end":{"line":20,"column":6}}},"1":{"name":"(anonymous_12)","decl":{"start":{"line":22,"column":2},"end":{"line":22,"column":7}},"loc":{"start":{"line":25,"column":14},"end":{"line":75,"column":3}}},"2":{"name":"(anonymous_13)","decl":{"start":{"line":77,"column":2},"end":{"line":77,"column":7}},"loc":{"start":{"line":79,"column":21},"end":{"line":133,"column":3}}},"3":{"name":"(anonymous_14)","decl":{"start":{"line":135,"column":2},"end":{"line":135,"column":7}},"loc":{"start":{"line":135,"column":32},"end":{"line":156,"column":3}}},"4":{"name":"(anonymous_15)","decl":{"start":{"line":158,"column":2},"end":{"line":158,"column":7}},"loc":{"start":{"line":158,"column":32},"end":{"line":160,"column":3}}},"5":{"name":"(anonymous_16)","decl":{"start":{"line":162,"column":2},"end":{"line":162,"column":7}},"loc":{"start":{"line":163,"column":18},"end":{"line":184,"column":3}}},"6":{"name":"(anonymous_17)","decl":{"start":{"line":170,"column":21},"end":{"line":170,"column":26}},"loc":{"start":{"line":170,"column":34},"end":{"line":178,"column":7}}},"7":{"name":"(anonymous_18)","decl":{"start":{"line":182,"column":6},"end":{"line":182,"column":7}},"loc":{"start":{"line":182,"column":59},"end":{"line":182,"column":69}}},"8":{"name":"(anonymous_19)","decl":{"start":{"line":186,"column":10},"end":{"line":186,"column":15}},"loc":{"start":{"line":186,"column":52},"end":{"line":215,"column":3}}},"9":{"name":"(anonymous_20)","decl":{"start":{"line":192,"column":21},"end":{"line":192,"column":26}},"loc":{"start":{"line":192,"column":34},"end":{"line":211,"column":7}}}},"branchMap":{"0":{"loc":{"start":{"line":33,"column":4},"end":{"line":37,"column":5}},"type":"if","locations":[{"start":{"line":33,"column":4},"end":{"line":37,"column":5}},{"start":{},"end":{}}]},"1":{"loc":{"start":{"line":40,"column":4},"end":{"line":42,"column":5}},"type":"if","locations":[{"start":{"line":40,"column":4},"end":{"line":42,"column":5}},{"start":{},"end":{}}]},"2":{"loc":{"start":{"line":82,"column":4},"end":{"line":84,"column":5}},"type":"if","locations":[{"start":{"line":82,"column":4},"end":{"line":84,"column":5}},{"start":{},"end":{}}]},"3":{"loc":{"start":{"line":88,"column":4},"end":{"line":93,"column":5}},"type":"if","locations":[{"start":{"line":88,"column":4},"end":{"line":93,"column":5}},{"start":{},"end":{}}]},"4":{"loc":{"start":{"line":99,"column":4},"end":{"line":101,"column":5}},"type":"if","locations":[{"start":{"line":99,"column":4},"end":{"line":101,"column":5}},{"start":{},"end":{}}]},"5":{"loc":{"start":{"line":105,"column":4},"end":{"line":107,"column":5}},"type":"if","locations":[{"start":{"line":105,"column":4},"end":{"line":107,"column":5}},{"start":{},"end":{}}]},"6":{"loc":{"start":{"line":137,"column":4},"end":{"line":139,"column":5}},"type":"if","locations":[{"start":{"line":137,"column":4},"end":{"line":139,"column":5}},{"start":{},"end":{}}]},"7":{"loc":{"start":{"line":172,"column":8},"end":{"line":172,"column":30}},"type":"if","locations":[{"start":{"line":172,"column":8},"end":{"line":172,"column":30}},{"start":{},"end":{}}]},"8":{"loc":{"start":{"line":174,"column":8},"end":{"line":174,"column":41}},"type":"if","locations":[{"start":{"line":174,"column":8},"end":{"line":174,"column":41}},{"start":{},"end":{}}]},"9":{"loc":{"start":{"line":194,"column":8},"end":{"line":194,"column":25}},"type":"if","locations":[{"start":{"line":194,"column":8},"end":{"line":194,"column":25}},{"start":{},"end":{}}]},"10":{"loc":{"start":{"line":17,"column":35},"end":{"line":17,"column":null}},"type":"cond-expr","locations":[{"start":{"line":17,"column":47},"end":{"line":17,"column":null}},{"start":{"line":17,"column":47},"end":{"line":17,"column":null}}]},"11":{"loc":{"start":{"line":17,"column":35},"end":{"line":17,"column":47}},"type":"binary-expr","locations":[{"start":{"line":17,"column":35},"end":{"line":17,"column":null}},{"start":{"line":17,"column":35},"end":{"line":17,"column":47}}]},"12":{"loc":{"start":{"line":17,"column":47},"end":{"line":18,"column":null}},"type":"cond-expr","locations":[{"start":{"line":18,"column":47},"end":{"line":18,"column":null}},{"start":{"line":18,"column":47},"end":{"line":18,"column":null}}]},"13":{"loc":{"start":{"line":17,"column":47},"end":{"line":18,"column":47}},"type":"binary-expr","locations":[{"start":{"line":17,"column":47},"end":{"line":18,"column":null}},{"start":{"line":18,"column":35},"end":{"line":18,"column":47}}]},"14":{"loc":{"start":{"line":18,"column":47},"end":{"line":19,"column":null}},"type":"cond-expr","locations":[{"start":{"line":19,"column":43},"end":{"line":19,"column":null}},{"start":{"line":19,"column":43},"end":{"line":19,"column":null}}]},"15":{"loc":{"start":{"line":18,"column":47},"end":{"line":19,"column":43}},"type":"binary-expr","locations":[{"start":{"line":18,"column":47},"end":{"line":19,"column":null}},{"start":{"line":19,"column":33},"end":{"line":19,"column":43}}]}},"s":{"0":0,"1":0,"2":0,"3":0,"4":0,"5":0,"6":0,"7":0,"8":0,"9":0,"10":0,"11":0,"12":0,"13":0,"14":0,"15":0,"16":0,"17":0,"18":0,"19":0,"20":0,"21":0,"22":0,"23":0,"24":0,"25":0,"26":0,"27":0,"28":0,"29":0,"30":0,"31":0,"32":0,"33":0,"34":0,"35":0,"36":0,"37":0,"38":0,"39":0,"40":0,"41":0,"42":0,"43":0,"44":0,"45":0,"46":0,"47":0,"48":0,"49":0,"50":0,"51":0,"52":0,"53":0,"54":0,"55":0,"56":0,"57":0,"58":0,"59":0,"60":0,"61":0,"62":0,"63":0,"64":0,"65":0,"66":0,"67":0,"68":0,"69":0,"70":0,"71":0,"72":0,"73":0,"74":0,"75":0,"76":0,"77":0,"78":0,"79":0,"80":0,"81":0,"82":0,"83":0,"84":0,"85":0,"86":0,"87":0},"f":{"0":0,"1":0,"2":0,"3":0,"4":0,"5":0,"6":0,"7":0,"8":0,"9":0},"b":{"0":[0,0],"1":[0,0],"2":[0,0],"3":[0,0],"4":[0,0],"5":[0,0],"6":[0,0],"7":[0,0],"8":[0,0],"9":[0,0],"10":[0,0],"11":[0,0],"12":[0,0],"13":[0,0],"14":[0,0],"15":[0,0]}}
,"/home/antoiner/Documents/code/anki-agent/apps/languee-back/src/modules/auth/decorators/current-user.decorator.ts": {"path":"/home/antoiner/Documents/code/anki-agent/apps/languee-back/src/modules/auth/decorators/current-user.decorator.ts","statementMap":{"0":{"start":{"line":1,"column":0},"end":{"line":1,"column":72}},"1":{"start":{"line":9,"column":13},"end":{"line":14,"column":2}},"2":{"start":{"line":11,"column":20},"end":{"line":11,"column":60}},"3":{"start":{"line":12,"column":4},"end":{"line":12,"column":46}}},"fnMap":{"0":{"name":"(anonymous_0)","decl":{"start":{"line":10,"column":2},"end":{"line":10,"column":3}},"loc":{"start":{"line":10,"column":64},"end":{"line":13,"column":3}}}},"branchMap":{},"s":{"0":0,"1":0,"2":0,"3":0},"f":{"0":0},"b":{}}
,"/home/antoiner/Documents/code/anki-agent/apps/languee-back/src/modules/auth/dto/login.dto.ts": {"path":"/home/antoiner/Documents/code/anki-agent/apps/languee-back/src/modules/auth/dto/login.dto.ts","statementMap":{"0":{"start":{"line":1,"column":0},"end":{"line":1,"column":75}},"1":{"start":{"line":3,"column":0},"end":{"line":3,"column":13}},"2":{"start":{"line":6,"column":2},"end":{"line":6,"column":null}},"3":{"start":{"line":11,"column":2},"end":{"line":11,"column":null}}},"fnMap":{},"branchMap":{},"s":{"0":0,"1":0,"2":0,"3":0},"f":{},"b":{}}
,"/home/antoiner/Documents/code/anki-agent/apps/languee-back/src/modules/auth/guards/jwt-auth.guard.ts": {"path":"/home/antoiner/Documents/code/anki-agent/apps/languee-back/src/modules/auth/guards/jwt-auth.guard.ts","statementMap":{"0":{"start":{"line":1,"column":0},"end":{"line":1,"column":44}},"1":{"start":{"line":2,"column":0},"end":{"line":2,"column":45}},"2":{"start":{"line":5,"column":7},"end":{"line":5,"column":null}},"3":{"start":{"line":5,"column":13},"end":{"line":5,"column":25}},"4":{"start":{"line":5,"column":13},"end":{"line":5,"column":null}}},"fnMap":{},"branchMap":{},"s":{"0":0,"1":0,"2":0,"3":0,"4":0},"f":{},"b":{}}
,"/home/antoiner/Documents/code/anki-agent/apps/languee-back/src/modules/auth/strategies/jwt.strategy.ts": {"path":"/home/antoiner/Documents/code/anki-agent/apps/languee-back/src/modules/auth/strategies/jwt.strategy.ts","statementMap":{"0":{"start":{"line":1,"column":0},"end":{"line":1,"column":44}},"1":{"start":{"line":2,"column":0},"end":{"line":2,"column":52}},"2":{"start":{"line":3,"column":0},"end":{"line":3,"column":52}},"3":{"start":{"line":11,"column":7},"end":{"line":28,"column":null}},"4":{"start":{"line":13,"column":19},"end":{"line":13,"column":41}},"5":{"start":{"line":14,"column":4},"end":{"line":16,"column":5}},"6":{"start":{"line":15,"column":6},"end":{"line":15,"column":68}},"7":{"start":{"line":18,"column":4},"end":{"line":22,"column":7}},"8":{"start":{"line":26,"column":4},"end":{"line":26,"column":66}},"9":{"start":{"line":11,"column":13},"end":{"line":11,"column":24}},"10":{"start":{"line":11,"column":13},"end":{"line":28,"column":null}}},"fnMap":{"0":{"name":"(anonymous_2)","decl":{"start":{"line":12,"column":2},"end":{"line":12,"column":null}},"loc":{"start":{"line":12,"column":2},"end":{"line":23,"column":3}}},"1":{"name":"(anonymous_3)","decl":{"start":{"line":25,"column":2},"end":{"line":25,"column":10}},"loc":{"start":{"line":25,"column":30},"end":{"line":27,"column":3}}}},"branchMap":{"0":{"loc":{"start":{"line":14,"column":4},"end":{"line":16,"column":5}},"type":"if","locations":[{"start":{"line":14,"column":4},"end":{"line":16,"column":5}},{"start":{},"end":{}}]}},"s":{"0":0,"1":0,"2":0,"3":0,"4":0,"5":0,"6":0,"7":0,"8":0,"9":0,"10":0},"f":{"0":0,"1":0},"b":{"0":[0,0]}}
,"/home/antoiner/Documents/code/anki-agent/apps/languee-back/src/modules/core/prisma/prisma.module.ts": {"path":"/home/antoiner/Documents/code/anki-agent/apps/languee-back/src/modules/core/prisma/prisma.module.ts","statementMap":{"0":{"start":{"line":1,"column":0},"end":{"line":1,"column":48}},"1":{"start":{"line":2,"column":0},"end":{"line":2,"column":49}},"2":{"start":{"line":9,"column":7},"end":{"line":9,"column":null}},"3":{"start":{"line":9,"column":13},"end":{"line":9,"column":25}},"4":{"start":{"line":9,"column":13},"end":{"line":9,"column":null}}},"fnMap":{},"branchMap":{},"s":{"0":0,"1":0,"2":0,"3":0,"4":0},"f":{},"b":{}}
,"/home/antoiner/Documents/code/anki-agent/apps/languee-back/src/modules/core/prisma/prisma.service.ts": {"path":"/home/antoiner/Documents/code/anki-agent/apps/languee-back/src/modules/core/prisma/prisma.service.ts","statementMap":{"0":{"start":{"line":1,"column":0},"end":{"line":1,"column":58}},"1":{"start":{"line":2,"column":0},"end":{"line":2,"column":46}},"2":{"start":{"line":5,"column":7},"end":{"line":9,"column":null}},"3":{"start":{"line":7,"column":4},"end":{"line":7,"column":26}},"4":{"start":{"line":5,"column":13},"end":{"line":5,"column":26}},"5":{"start":{"line":5,"column":13},"end":{"line":9,"column":null}}},"fnMap":{"0":{"name":"(anonymous_1)","decl":{"start":{"line":6,"column":2},"end":{"line":6,"column":7}},"loc":{"start":{"line":6,"column":20},"end":{"line":8,"column":3}}}},"branchMap":{},"s":{"0":0,"1":0,"2":0,"3":0,"4":0,"5":0},"f":{"0":0},"b":{}}
,"/home/antoiner/Documents/code/anki-agent/apps/languee-back/src/modules/core/redis/redis.module.ts": {"path":"/home/antoiner/Documents/code/anki-agent/apps/languee-back/src/modules/core/redis/redis.module.ts","statementMap":{"0":{"start":{"line":1,"column":0},"end":{"line":1,"column":48}},"1":{"start":{"line":2,"column":0},"end":{"line":2,"column":30}},"2":{"start":{"line":3,"column":0},"end":{"line":3,"column":47}},"3":{"start":{"line":28,"column":7},"end":{"line":28,"column":null}},"4":{"start":{"line":28,"column":13},"end":{"line":28,"column":24}},"5":{"start":{"line":28,"column":13},"end":{"line":28,"column":null}},"6":{"start":{"line":11,"column":21},"end":{"line":11,"column":43}},"7":{"start":{"line":12,"column":21},"end":{"line":12,"column":43}},"8":{"start":{"line":14,"column":8},"end":{"line":16,"column":9}},"9":{"start":{"line":15,"column":10},"end":{"line":15,"column":72}},"10":{"start":{"line":17,"column":8},"end":{"line":19,"column":9}},"11":{"start":{"line":18,"column":10},"end":{"line":18,"column":72}},"12":{"start":{"line":21,"column":8},"end":{"line":21,"column":63}}},"fnMap":{"0":{"name":"(anonymous_2)","decl":{"start":{"line":10,"column":18},"end":{"line":10,"column":21}},"loc":{"start":{"line":10,"column":23},"end":{"line":22,"column":7}}}},"branchMap":{"0":{"loc":{"start":{"line":14,"column":8},"end":{"line":16,"column":9}},"type":"if","locations":[{"start":{"line":14,"column":8},"end":{"line":16,"column":9}},{"start":{},"end":{}}]},"1":{"loc":{"start":{"line":17,"column":8},"end":{"line":19,"column":9}},"type":"if","locations":[{"start":{"line":17,"column":8},"end":{"line":19,"column":9}},{"start":{},"end":{}}]}},"s":{"0":0,"1":0,"2":0,"3":0,"4":0,"5":0,"6":0,"7":0,"8":0,"9":0,"10":0,"11":0,"12":0},"f":{"0":0},"b":{"0":[0,0],"1":[0,0]}}
,"/home/antoiner/Documents/code/anki-agent/apps/languee-back/src/modules/core/redis/redis.service.ts": {"path":"/home/antoiner/Documents/code/anki-agent/apps/languee-back/src/modules/core/redis/redis.service.ts","statementMap":{"0":{"start":{"line":1,"column":0},"end":{"line":1,"column":52}},"1":{"start":{"line":2,"column":0},"end":{"line":2,"column":32}},"2":{"start":{"line":5,"column":7},"end":{"line":31,"column":null}},"3":{"start":{"line":6,"column":55},"end":{"line":6,"column":63}},"4":{"start":{"line":9,"column":4},"end":{"line":9,"column":32}},"5":{"start":{"line":13,"column":4},"end":{"line":13,"column":56}},"6":{"start":{"line":17,"column":4},"end":{"line":17,"column":31}},"7":{"start":{"line":21,"column":4},"end":{"line":21,"column":40}},"8":{"start":{"line":25,"column":4},"end":{"line":25,"column":40}},"9":{"start":{"line":29,"column":4},"end":{"line":29,"column":37}},"10":{"start":{"line":5,"column":13},"end":{"line":5,"column":25}},"11":{"start":{"line":5,"column":13},"end":{"line":31,"column":null}}},"fnMap":{"0":{"name":"(anonymous_4)","decl":{"start":{"line":6,"column":2},"end":{"line":6,"column":15}},"loc":{"start":{"line":6,"column":68},"end":{"line":6,"column":72}}},"1":{"name":"(anonymous_5)","decl":{"start":{"line":8,"column":2},"end":{"line":8,"column":7}},"loc":{"start":{"line":8,"column":23},"end":{"line":10,"column":3}}},"2":{"name":"(anonymous_6)","decl":{"start":{"line":12,"column":2},"end":{"line":12,"column":7}},"loc":{"start":{"line":12,"column":58},"end":{"line":14,"column":3}}},"3":{"name":"(anonymous_7)","decl":{"start":{"line":16,"column":2},"end":{"line":16,"column":7}},"loc":{"start":{"line":16,"column":23},"end":{"line":18,"column":3}}},"4":{"name":"(anonymous_8)","decl":{"start":{"line":20,"column":2},"end":{"line":20,"column":7}},"loc":{"start":{"line":20,"column":40},"end":{"line":22,"column":3}}},"5":{"name":"(anonymous_9)","decl":{"start":{"line":24,"column":2},"end":{"line":24,"column":7}},"loc":{"start":{"line":24,"column":40},"end":{"line":26,"column":3}}},"6":{"name":"(anonymous_10)","decl":{"start":{"line":28,"column":2},"end":{"line":28,"column":7}},"loc":{"start":{"line":28,"column":28},"end":{"line":30,"column":3}}}},"branchMap":{"0":{"loc":{"start":{"line":6,"column":63},"end":{"line":6,"column":71}},"type":"cond-expr","locations":[{"start":{"line":6,"column":68},"end":{"line":6,"column":71}},{"start":{"line":6,"column":68},"end":{"line":6,"column":71}}]},"1":{"loc":{"start":{"line":6,"column":63},"end":{"line":6,"column":68}},"type":"binary-expr","locations":[{"start":{"line":6,"column":63},"end":{"line":6,"column":71}},{"start":{"line":6,"column":63},"end":{"line":6,"column":68}}]}},"s":{"0":0,"1":0,"2":0,"3":0,"4":0,"5":0,"6":0,"7":0,"8":0,"9":0,"10":0,"11":0},"f":{"0":0,"1":0,"2":0,"3":0,"4":0,"5":0,"6":0},"b":{"0":[0,0],"1":[0,0]}}
,"/home/antoiner/Documents/code/anki-agent/apps/languee-back/src/modules/pipeline/pipeline.module.ts": {"path":"/home/antoiner/Documents/code/anki-agent/apps/languee-back/src/modules/pipeline/pipeline.module.ts","statementMap":{"0":{"start":{"line":1,"column":0},"end":{"line":1,"column":40}},"1":{"start":{"line":2,"column":0},"end":{"line":2,"column":53}},"2":{"start":{"line":3,"column":0},"end":{"line":3,"column":null}},"3":{"start":{"line":12,"column":0},"end":{"line":12,"column":58}},"4":{"start":{"line":13,"column":0},"end":{"line":13,"column":65}},"5":{"start":{"line":14,"column":0},"end":{"line":14,"column":58}},"6":{"start":{"line":15,"column":0},"end":{"line":15,"column":71}},"7":{"start":{"line":16,"column":0},"end":{"line":16,"column":75}},"8":{"start":{"line":17,"column":0},"end":{"line":17,"column":53}},"9":{"start":{"line":18,"column":0},"end":{"line":18,"column":65}},"10":{"start":{"line":33,"column":7},"end":{"line":33,"column":null}},"11":{"start":{"line":33,"column":13},"end":{"line":33,"column":27}},"12":{"start":{"line":33,"column":13},"end":{"line":33,"column":null}}},"fnMap":{},"branchMap":{},"s":{"0":0,"1":0,"2":0,"3":0,"4":0,"5":0,"6":0,"7":0,"8":0,"9":0,"10":0,"11":0,"12":0},"f":{},"b":{}}
,"/home/antoiner/Documents/code/anki-agent/apps/languee-back/src/modules/pipeline/pipeline.service.ts": {"path":"/home/antoiner/Documents/code/anki-agent/apps/languee-back/src/modules/pipeline/pipeline.service.ts","statementMap":{"0":{"start":{"line":1,"column":0},"end":{"line":1,"column":52}},"1":{"start":{"line":2,"column":0},"end":{"line":2,"column":null}},"2":{"start":{"line":12,"column":0},"end":{"line":12,"column":null}},"3":{"start":{"line":23,"column":7},"end":{"line":50,"column":null}},"4":{"start":{"line":25,"column":41},"end":{"line":25,"column":53}},"5":{"start":{"line":26,"column":45},"end":{"line":26,"column":60}},"6":{"start":{"line":27,"column":41},"end":{"line":27,"column":53}},"7":{"start":{"line":29,"column":21},"end":{"line":29,"column":39}},"8":{"start":{"line":31,"column":21},"end":{"line":31,"column":41}},"9":{"start":{"line":32,"column":47},"end":{"line":32,"column":63}},"10":{"start":{"line":33,"column":45},"end":{"line":33,"column":60}},"11":{"start":{"line":37,"column":23},"end":{"line":37,"column":57}},"12":{"start":{"line":38,"column":26},"end":{"line":38,"column":69}},"13":{"start":{"line":39,"column":23},"end":{"line":39,"column":63}},"14":{"start":{"line":40,"column":24},"end":{"line":40,"column":63}},"15":{"start":{"line":41,"column":24},"end":{"line":41,"column":67}},"16":{"start":{"line":42,"column":22},"end":{"line":42,"column":59}},"17":{"start":{"line":43,"column":17},"end":{"line":47,"column":6}},"18":{"start":{"line":48,"column":4},"end":{"line":48,"column":16}},"19":{"start":{"line":23,"column":13},"end":{"line":23,"column":28}},"20":{"start":{"line":23,"column":13},"end":{"line":50,"column":null}}},"fnMap":{"0":{"name":"(anonymous_4)","decl":{"start":{"line":24,"column":2},"end":{"line":24,"column":null}},"loc":{"start":{"line":33,"column":74},"end":{"line":34,"column":6}}},"1":{"name":"(anonymous_5)","decl":{"start":{"line":36,"column":2},"end":{"line":36,"column":5}},"loc":{"start":{"line":36,"column":17},"end":{"line":49,"column":3}}}},"branchMap":{"0":{"loc":{"start":{"line":25,"column":53},"end":{"line":25,"column":null}},"type":"cond-expr","locations":[{"start":{"line":25,"column":64},"end":{"line":25,"column":null}},{"start":{"line":25,"column":64},"end":{"line":25,"column":null}}]},"1":{"loc":{"start":{"line":25,"column":53},"end":{"line":25,"column":64}},"type":"binary-expr","locations":[{"start":{"line":25,"column":53},"end":{"line":25,"column":null}},{"start":{"line":25,"column":53},"end":{"line":25,"column":64}}]},"2":{"loc":{"start":{"line":25,"column":64},"end":{"line":26,"column":null}},"type":"cond-expr","locations":[{"start":{"line":26,"column":74},"end":{"line":26,"column":null}},{"start":{"line":26,"column":74},"end":{"line":26,"column":null}}]},"3":{"loc":{"start":{"line":25,"column":64},"end":{"line":26,"column":74}},"type":"binary-expr","locations":[{"start":{"line":25,"column":64},"end":{"line":26,"column":null}},{"start":{"line":26,"column":60},"end":{"line":26,"column":74}}]},"4":{"loc":{"start":{"line":26,"column":74},"end":{"line":27,"column":null}},"type":"cond-expr","locations":[{"start":{"line":27,"column":64},"end":{"line":27,"column":null}},{"start":{"line":27,"column":64},"end":{"line":27,"column":null}}]},"5":{"loc":{"start":{"line":26,"column":74},"end":{"line":27,"column":64}},"type":"binary-expr","locations":[{"start":{"line":26,"column":74},"end":{"line":27,"column":null}},{"start":{"line":27,"column":53},"end":{"line":27,"column":64}}]},"6":{"loc":{"start":{"line":27,"column":64},"end":{"line":29,"column":null}},"type":"cond-expr","locations":[{"start":{"line":29,"column":56},"end":{"line":29,"column":null}},{"start":{"line":29,"column":56},"end":{"line":29,"column":null}}]},"7":{"loc":{"start":{"line":27,"column":64},"end":{"line":29,"column":56}},"type":"binary-expr","locations":[{"start":{"line":27,"column":64},"end":{"line":29,"column":null}},{"start":{"line":29,"column":39},"end":{"line":29,"column":56}}]},"8":{"loc":{"start":{"line":29,"column":56},"end":{"line":31,"column":null}},"type":"cond-expr","locations":[{"start":{"line":31,"column":60},"end":{"line":31,"column":null}},{"start":{"line":31,"column":60},"end":{"line":31,"column":null}}]},"9":{"loc":{"start":{"line":29,"column":56},"end":{"line":31,"column":60}},"type":"binary-expr","locations":[{"start":{"line":29,"column":56},"end":{"line":31,"column":null}},{"start":{"line":31,"column":41},"end":{"line":31,"column":60}}]},"10":{"loc":{"start":{"line":31,"column":60},"end":{"line":32,"column":null}},"type":"cond-expr","locations":[{"start":{"line":32,"column":78},"end":{"line":32,"column":null}},{"start":{"line":32,"column":78},"end":{"line":32,"column":null}}]},"11":{"loc":{"start":{"line":31,"column":60},"end":{"line":32,"column":78}},"type":"binary-expr","locations":[{"start":{"line":31,"column":60},"end":{"line":32,"column":null}},{"start":{"line":32,"column":63},"end":{"line":32,"column":78}}]},"12":{"loc":{"start":{"line":32,"column":78},"end":{"line":33,"column":null}},"type":"cond-expr","locations":[{"start":{"line":33,"column":74},"end":{"line":33,"column":null}},{"start":{"line":33,"column":74},"end":{"line":33,"column":null}}]},"13":{"loc":{"start":{"line":32,"column":78},"end":{"line":33,"column":74}},"type":"binary-expr","locations":[{"start":{"line":32,"column":78},"end":{"line":33,"column":null}},{"start":{"line":33,"column":60},"end":{"line":33,"column":74}}]}},"s":{"0":1,"1":1,"2":1,"3":1,"4":6,"5":6,"6":6,"7":6,"8":6,"9":6,"10":6,"11":7,"12":7,"13":7,"14":7,"15":7,"16":7,"17":7,"18":7,"19":1,"20":1},"f":{"0":6,"1":7},"b":{"0":[0,1],"1":[1,0],"2":[0,1],"3":[1,0],"4":[0,1],"5":[1,0],"6":[0,1],"7":[1,0],"8":[0,1],"9":[1,0],"10":[0,1],"11":[1,0],"12":[0,1],"13":[1,0]}}
,"/home/antoiner/Documents/code/anki-agent/apps/languee-back/src/modules/pipeline/pipeline.tokens.ts": {"path":"/home/antoiner/Documents/code/anki-agent/apps/languee-back/src/modules/pipeline/pipeline.tokens.ts","statementMap":{"0":{"start":{"line":1,"column":13},"end":{"line":1,"column":39}},"1":{"start":{"line":2,"column":13},"end":{"line":2,"column":47}},"2":{"start":{"line":3,"column":13},"end":{"line":3,"column":39}},"3":{"start":{"line":4,"column":13},"end":{"line":4,"column":53}},"4":{"start":{"line":5,"column":13},"end":{"line":5,"column":57}},"5":{"start":{"line":6,"column":13},"end":{"line":6,"column":51}},"6":{"start":{"line":7,"column":13},"end":{"line":7,"column":47}}},"fnMap":{},"branchMap":{},"s":{"0":1,"1":1,"2":1,"3":1,"4":1,"5":1,"6":1},"f":{},"b":{}}
,"/home/antoiner/Documents/code/anki-agent/apps/languee-back/src/modules/pipeline/stages/card-assembler.stub.ts": {"path":"/home/antoiner/Documents/code/anki-agent/apps/languee-back/src/modules/pipeline/stages/card-assembler.stub.ts","statementMap":{"0":{"start":{"line":1,"column":0},"end":{"line":1,"column":44}},"1":{"start":{"line":11,"column":7},"end":{"line":26,"column":null}},"2":{"start":{"line":15,"column":4},"end":{"line":24,"column":6}},"3":{"start":{"line":11,"column":13},"end":{"line":11,"column":30}},"4":{"start":{"line":11,"column":13},"end":{"line":26,"column":null}}},"fnMap":{"0":{"name":"(anonymous_1)","decl":{"start":{"line":12,"column":2},"end":{"line":12,"column":10}},"loc":{"start":{"line":13,"column":65},"end":{"line":25,"column":3}}}},"branchMap":{},"s":{"0":2,"1":2,"2":10,"3":2,"4":2},"f":{"0":10},"b":{}}
,"/home/antoiner/Documents/code/anki-agent/apps/languee-back/src/modules/pipeline/stages/definition-provider.stub.ts": {"path":"/home/antoiner/Documents/code/anki-agent/apps/languee-back/src/modules/pipeline/stages/definition-provider.stub.ts","statementMap":{"0":{"start":{"line":1,"column":0},"end":{"line":1,"column":44}},"1":{"start":{"line":9,"column":7},"end":{"line":19,"column":null}},"2":{"start":{"line":11,"column":4},"end":{"line":17,"column":6}},"3":{"start":{"line":9,"column":13},"end":{"line":9,"column":35}},"4":{"start":{"line":9,"column":13},"end":{"line":19,"column":null}}},"fnMap":{"0":{"name":"(anonymous_1)","decl":{"start":{"line":10,"column":2},"end":{"line":10,"column":9}},"loc":{"start":{"line":10,"column":34},"end":{"line":18,"column":3}}}},"branchMap":{},"s":{"0":2,"1":2,"2":14,"3":2,"4":2},"f":{"0":14},"b":{}}
,"/home/antoiner/Documents/code/anki-agent/apps/languee-back/src/modules/pipeline/stages/duplicate-checker.stub.ts": {"path":"/home/antoiner/Documents/code/anki-agent/apps/languee-back/src/modules/pipeline/stages/duplicate-checker.stub.ts","statementMap":{"0":{"start":{"line":1,"column":0},"end":{"line":1,"column":44}},"1":{"start":{"line":9,"column":7},"end":{"line":13,"column":null}},"2":{"start":{"line":11,"column":4},"end":{"line":11,"column":14}},"3":{"start":{"line":9,"column":13},"end":{"line":9,"column":33}},"4":{"start":{"line":9,"column":13},"end":{"line":13,"column":null}}},"fnMap":{"0":{"name":"(anonymous_1)","decl":{"start":{"line":10,"column":2},"end":{"line":10,"column":7}},"loc":{"start":{"line":10,"column":32},"end":{"line":12,"column":3}}}},"branchMap":{},"s":{"0":2,"1":2,"2":13,"3":2,"4":2},"f":{"0":13},"b":{}}
,"/home/antoiner/Documents/code/anki-agent/apps/languee-back/src/modules/pipeline/stages/gap-fill.stub.ts": {"path":"/home/antoiner/Documents/code/anki-agent/apps/languee-back/src/modules/pipeline/stages/gap-fill.stub.ts","statementMap":{"0":{"start":{"line":1,"column":0},"end":{"line":1,"column":44}},"1":{"start":{"line":9,"column":7},"end":{"line":16,"column":null}},"2":{"start":{"line":11,"column":4},"end":{"line":14,"column":6}},"3":{"start":{"line":9,"column":13},"end":{"line":9,"column":24}},"4":{"start":{"line":9,"column":13},"end":{"line":16,"column":null}}},"fnMap":{"0":{"name":"(anonymous_1)","decl":{"start":{"line":10,"column":2},"end":{"line":10,"column":6}},"loc":{"start":{"line":10,"column":32},"end":{"line":15,"column":3}}}},"branchMap":{},"s":{"0":2,"1":2,"2":12,"3":2,"4":2},"f":{"0":12},"b":{}}
,"/home/antoiner/Documents/code/anki-agent/apps/languee-back/src/modules/pipeline/stages/lemmatizer.stub.ts": {"path":"/home/antoiner/Documents/code/anki-agent/apps/languee-back/src/modules/pipeline/stages/lemmatizer.stub.ts","statementMap":{"0":{"start":{"line":1,"column":0},"end":{"line":1,"column":44}},"1":{"start":{"line":9,"column":7},"end":{"line":15,"column":null}},"2":{"start":{"line":11,"column":4},"end":{"line":13,"column":6}},"3":{"start":{"line":9,"column":13},"end":{"line":9,"column":27}},"4":{"start":{"line":9,"column":13},"end":{"line":15,"column":null}}},"fnMap":{"0":{"name":"(anonymous_1)","decl":{"start":{"line":10,"column":2},"end":{"line":10,"column":11}},"loc":{"start":{"line":10,"column":38},"end":{"line":14,"column":3}}}},"branchMap":{},"s":{"0":2,"1":2,"2":11,"3":2,"4":2},"f":{"0":11},"b":{}}
,"/home/antoiner/Documents/code/anki-agent/apps/languee-back/src/modules/pipeline/stages/normalizer.stub.ts": {"path":"/home/antoiner/Documents/code/anki-agent/apps/languee-back/src/modules/pipeline/stages/normalizer.stub.ts","statementMap":{"0":{"start":{"line":1,"column":0},"end":{"line":1,"column":44}},"1":{"start":{"line":9,"column":7},"end":{"line":17,"column":null}},"2":{"start":{"line":11,"column":4},"end":{"line":15,"column":6}},"3":{"start":{"line":9,"column":13},"end":{"line":9,"column":27}},"4":{"start":{"line":9,"column":13},"end":{"line":17,"column":null}}},"fnMap":{"0":{"name":"(anonymous_1)","decl":{"start":{"line":10,"column":2},"end":{"line":10,"column":11}},"loc":{"start":{"line":10,"column":27},"end":{"line":16,"column":3}}}},"branchMap":{},"s":{"0":2,"1":2,"2":11,"3":2,"4":2},"f":{"0":11},"b":{}}
,"/home/antoiner/Documents/code/anki-agent/apps/languee-back/src/modules/pipeline/stages/pre-lemmatizer.stub.ts": {"path":"/home/antoiner/Documents/code/anki-agent/apps/languee-back/src/modules/pipeline/stages/pre-lemmatizer.stub.ts","statementMap":{"0":{"start":{"line":1,"column":0},"end":{"line":1,"column":44}},"1":{"start":{"line":9,"column":7},"end":{"line":16,"column":null}},"2":{"start":{"line":11,"column":4},"end":{"line":14,"column":6}},"3":{"start":{"line":9,"column":13},"end":{"line":9,"column":30}},"4":{"start":{"line":9,"column":13},"end":{"line":16,"column":null}}},"fnMap":{"0":{"name":"(anonymous_1)","decl":{"start":{"line":10,"column":2},"end":{"line":10,"column":14}},"loc":{"start":{"line":10,"column":38},"end":{"line":15,"column":3}}}},"branchMap":{},"s":{"0":2,"1":2,"2":11,"3":2,"4":2},"f":{"0":11},"b":{}}
,"/home/antoiner/Documents/code/anki-agent/apps/languee-back/src/modules/users/users.module.ts": {"path":"/home/antoiner/Documents/code/anki-agent/apps/languee-back/src/modules/users/users.module.ts","statementMap":{"0":{"start":{"line":1,"column":0},"end":{"line":1,"column":40}},"1":{"start":{"line":2,"column":0},"end":{"line":2,"column":60}},"2":{"start":{"line":3,"column":0},"end":{"line":3,"column":47}},"3":{"start":{"line":10,"column":7},"end":{"line":10,"column":null}},"4":{"start":{"line":10,"column":13},"end":{"line":10,"column":24}},"5":{"start":{"line":10,"column":13},"end":{"line":10,"column":null}}},"fnMap":{},"branchMap":{},"s":{"0":0,"1":0,"2":0,"3":0,"4":0,"5":0},"f":{},"b":{}}
,"/home/antoiner/Documents/code/anki-agent/apps/languee-back/src/modules/users/users.service.ts": {"path":"/home/antoiner/Documents/code/anki-agent/apps/languee-back/src/modules/users/users.service.ts","statementMap":{"0":{"start":{"line":1,"column":0},"end":{"line":1,"column":44}},"1":{"start":{"line":3,"column":0},"end":{"line":3,"column":62}},"2":{"start":{"line":6,"column":7},"end":{"line":20,"column":null}},"3":{"start":{"line":7,"column":31},"end":{"line":7,"column":39}},"4":{"start":{"line":10,"column":4},"end":{"line":10,"column":70}},"5":{"start":{"line":14,"column":4},"end":{"line":14,"column":61}},"6":{"start":{"line":18,"column":4},"end":{"line":18,"column":58}},"7":{"start":{"line":6,"column":13},"end":{"line":6,"column":25}},"8":{"start":{"line":6,"column":13},"end":{"line":20,"column":null}}},"fnMap":{"0":{"name":"(anonymous_2)","decl":{"start":{"line":7,"column":2},"end":{"line":7,"column":31}},"loc":{"start":{"line":7,"column":52},"end":{"line":7,"column":56}}},"1":{"name":"(anonymous_3)","decl":{"start":{"line":9,"column":2},"end":{"line":9,"column":7}},"loc":{"start":{"line":9,"column":50},"end":{"line":11,"column":3}}},"2":{"name":"(anonymous_4)","decl":{"start":{"line":13,"column":2},"end":{"line":13,"column":7}},"loc":{"start":{"line":13,"column":33},"end":{"line":15,"column":3}}},"3":{"name":"(anonymous_5)","decl":{"start":{"line":17,"column":2},"end":{"line":17,"column":7}},"loc":{"start":{"line":17,"column":27},"end":{"line":19,"column":3}}}},"branchMap":{"0":{"loc":{"start":{"line":7,"column":39},"end":{"line":7,"column":55}},"type":"cond-expr","locations":[{"start":{"line":7,"column":52},"end":{"line":7,"column":55}},{"start":{"line":7,"column":52},"end":{"line":7,"column":55}}]},"1":{"loc":{"start":{"line":7,"column":39},"end":{"line":7,"column":52}},"type":"binary-expr","locations":[{"start":{"line":7,"column":39},"end":{"line":7,"column":55}},{"start":{"line":7,"column":39},"end":{"line":7,"column":52}}]}},"s":{"0":0,"1":0,"2":0,"3":0,"4":0,"5":0,"6":0,"7":0,"8":0},"f":{"0":0,"1":0,"2":0,"3":0},"b":{"0":[0,0],"1":[0,0]}}
}
